<?xml version="1.0" encoding="UTF-8"?>
<!-- Generated by org.testng.reporters.JUnitXMLReporter -->
<testsuite ignored="1" hostname="SMAs-MacBook-Pro.local" failures="1" tests="5" name="Default test" time="0.076" errors="0" timestamp="2022-07-03T14:23:33 IST">
  <testcase classname="test.Day5" name="APILoginCar4" time="0.017"/>
  <testcase classname="test.Day5" name="MobileLoginCar" time="0.0"/>
  <testcase classname="test.Day5" name="WebLoginCar" time="0.0">
    <failure type="org.testng.TestNGException" message="
Parameter &amp;apos;URL&amp;apos; is required by @Test on method WebLoginCar but has not been marked @Optional or defined
in /private/var/folders/mv/gw432lt52n3_93k_0lc1jy6m0000gn/T/testng-eclipse--413271069/testng-customsuite.xml">
      <![CDATA[org.testng.TestNGException: 
Parameter 'URL' is required by @Test on method WebLoginCar but has not been marked @Optional or defined
in /private/var/folders/mv/gw432lt52n3_93k_0lc1jy6m0000gn/T/testng-eclipse--413271069/testng-customsuite.xml
at org.testng.internal.Parameters.createParams(Parameters.java:270)
at org.testng.internal.Parameters.createParametersForMethod(Parameters.java:358)
at org.testng.internal.Parameters.createParameters(Parameters.java:700)
at org.testng.internal.Parameters.handleParameters(Parameters.java:884)
at org.testng.internal.Parameters.handleParameters(Parameters.java:740)
at org.testng.internal.ParameterHandler.handleParameters(ParameterHandler.java:59)
at org.testng.internal.ParameterHandler.createParameters(ParameterHandler.java:38)
at org.testng.internal.TestInvoker$MethodInvocationAgent.invoke(TestInvoker.java:791)
at org.testng.internal.TestInvoker.invokeTestMethods(TestInvoker.java:146)
at org.testng.internal.TestMethodWorker.invokeTestMethods(TestMethodWorker.java:146)
at org.testng.internal.TestMethodWorker.run(TestMethodWorker.java:128)
at java.base/java.util.ArrayList.forEach(ArrayList.java:1511)
at org.testng.TestRunner.privateRun(TestRunner.java:794)
at org.testng.TestRunner.run(TestRunner.java:596)
at org.testng.SuiteRunner.runTest(SuiteRunner.java:377)
at org.testng.SuiteRunner.runSequentially(SuiteRunner.java:371)
at org.testng.SuiteRunner.privateRun(SuiteRunner.java:332)
at org.testng.SuiteRunner.run(SuiteRunner.java:276)
at org.testng.SuiteRunnerWorker.runSuite(SuiteRunnerWorker.java:53)
at org.testng.SuiteRunnerWorker.run(SuiteRunnerWorker.java:96)
at org.testng.TestNG.runSuitesSequentially(TestNG.java:1212)
at org.testng.TestNG.runSuitesLocally(TestNG.java:1134)
at org.testng.TestNG.runSuites(TestNG.java:1063)
at org.testng.TestNG.run(TestNG.java:1031)
at org.testng.remote.AbstractRemoteTestNG.run(AbstractRemoteTestNG.java:115)
at org.testng.remote.RemoteTestNG.initAndRun(RemoteTestNG.java:251)
at org.testng.remote.RemoteTestNG.main(RemoteTestNG.java:77)
]]>
    </failure>
  </testcase> <!-- WebLoginCar -->
  <testcase classname="test.Day5" name="APILoginCar" time="0.001">
    <skipped/>
  </testcase> <!-- APILoginCar -->
  <testcase classname="test.Day5" name="APILoginCar2" time="0.0">
    <skipped/>
  </testcase> <!-- APILoginCar2 -->
  <testcase classname="test.Day5" name="APILoginCar3" time="0.0">
    <ignored/>
  </testcase> <!-- APILoginCar3 -->
</testsuite> <!-- Default test -->
